2023-06-09T00:00:42.147+07:00  INFO 13600 --- [File Watcher] rtingClassPathChangeChangedEventListener : Restarting due to 6 class path changes (0 additions, 0 deletions, 6 modifications)
2023-06-09T00:00:42.174+07:00  INFO 13600 --- [Thread-7] o.apache.catalina.core.StandardService   : Stopping service [Tomcat]
2023-06-09T00:00:42.176+07:00  INFO 13600 --- [Thread-7] o.a.c.c.C.[Tomcat-3].[localhost].[/api]  : Destroying Spring FrameworkServlet 'dispatcherServlet'
2023-06-09T00:00:42.186+07:00  INFO 13600 --- [Thread-7] j.LocalContainerEntityManagerFactoryBean : Closing JPA EntityManagerFactory for persistence unit 'default'
2023-06-09T00:00:42.187+07:00  INFO 13600 --- [Thread-7] .SchemaDropperImpl$DelayedDropActionImpl : HHH000477: Starting delayed evictData of schema as part of SessionFactory shut-down'
2023-06-09T00:00:42.233+07:00  INFO 13600 --- [Thread-7] com.zaxxer.hikari.HikariDataSource       : HikariPool-2 - Shutdown initiated...
2023-06-09T00:00:42.243+07:00  INFO 13600 --- [Thread-7] com.zaxxer.hikari.HikariDataSource       : HikariPool-2 - Shutdown completed.
2023-06-09T00:00:42.421+07:00  INFO 13600 --- [restartedMain] com.service.service.ServiceApplication   : Starting ServiceApplication using Java 18.0.1.1 with PID 13600 (D:\Programming\PERSONAL_PROJECT\BE\SERVICE\service\target\classes started by 62851 in D:\Programming\PERSONAL_PROJECT\BE\SERVICE\service)
2023-06-09T00:00:42.422+07:00  INFO 13600 --- [restartedMain] com.service.service.ServiceApplication   : No active profile set, falling back to 1 default profile: "default"
2023-06-09T00:00:43.077+07:00  INFO 13600 --- [restartedMain] .s.d.r.c.RepositoryConfigurationDelegate : Bootstrapping Spring Data JPA repositories in DEFAULT mode.
2023-06-09T00:00:43.150+07:00  INFO 13600 --- [restartedMain] .s.d.r.c.RepositoryConfigurationDelegate : Finished Spring Data repository scanning in 72 ms. Found 5 JPA repository interfaces.
2023-06-09T00:00:43.421+07:00  INFO 13600 --- [restartedMain] o.s.b.w.embedded.tomcat.TomcatWebServer  : Tomcat initialized with port(s): 1707 (http)
2023-06-09T00:00:43.424+07:00  INFO 13600 --- [restartedMain] o.apache.catalina.core.StandardService   : Starting service [Tomcat]
2023-06-09T00:00:43.426+07:00  INFO 13600 --- [restartedMain] o.apache.catalina.core.StandardEngine    : Starting Servlet engine: [Apache Tomcat/10.1.8]
2023-06-09T00:00:43.452+07:00  INFO 13600 --- [restartedMain] o.a.c.c.C.[Tomcat-3].[localhost].[/api]  : Initializing Spring embedded WebApplicationContext
2023-06-09T00:00:43.455+07:00  INFO 13600 --- [restartedMain] w.s.c.ServletWebServerApplicationContext : Root WebApplicationContext: initialization completed in 1027 ms
2023-06-09T00:00:43.588+07:00  INFO 13600 --- [restartedMain] o.hibernate.jpa.internal.util.LogHelper  : HHH000204: Processing PersistenceUnitInfo [name: default]
2023-06-09T00:00:43.598+07:00  INFO 13600 --- [restartedMain] o.h.b.i.BytecodeProviderInitiator        : HHH000021: Bytecode provider name : bytebuddy
2023-06-09T00:00:43.600+07:00  INFO 13600 --- [restartedMain] o.s.o.j.p.SpringPersistenceUnitInfo      : No LoadTimeWeaver setup: ignoring JPA class transformer
2023-06-09T00:00:43.600+07:00  INFO 13600 --- [restartedMain] org.hibernate.orm.dialect                : HHH035001: Using dialect: org.hibernate.dialect.PostgreSQLDialect, version: 10.0
2023-06-09T00:00:43.642+07:00  INFO 13600 --- [restartedMain] o.h.b.i.BytecodeProviderInitiator        : HHH000021: Bytecode provider name : bytebuddy
2023-06-09T00:00:43.793+07:00  INFO 13600 --- [restartedMain] o.h.e.t.j.p.i.JtaPlatformInitiator       : HHH000490: Using JtaPlatform implementation: [org.hibernate.engine.transaction.jta.platform.internal.NoJtaPlatform]
2023-06-09T00:00:43.793+07:00  INFO 13600 --- [restartedMain] com.zaxxer.hikari.HikariDataSource       : HikariPool-3 - Starting...
2023-06-09T00:00:43.873+07:00  INFO 13600 --- [restartedMain] com.zaxxer.hikari.pool.HikariPool        : HikariPool-3 - Added connection org.postgresql.jdbc.PgConnection@31fc10f
2023-06-09T00:00:43.875+07:00  INFO 13600 --- [restartedMain] com.zaxxer.hikari.HikariDataSource       : HikariPool-3 - Start completed.
2023-06-09T00:00:43.875+07:00  WARN 13600 --- [restartedMain] o.h.engine.jdbc.spi.SqlExceptionHelper   : SQL Warning Code: 0, SQLState: 00000
2023-06-09T00:00:43.875+07:00  WARN 13600 --- [restartedMain] o.h.engine.jdbc.spi.SqlExceptionHelper   : relation "m_workflow_group" does not exist, skipping
2023-06-09T00:00:43.879+07:00  WARN 13600 --- [restartedMain] o.h.engine.jdbc.spi.SqlExceptionHelper   : SQL Warning Code: 0, SQLState: 00000
2023-06-09T00:00:43.881+07:00  WARN 13600 --- [restartedMain] o.h.engine.jdbc.spi.SqlExceptionHelper   : relation "m_workflow_group" does not exist, skipping
2023-06-09T00:00:43.881+07:00  WARN 13600 --- [restartedMain] o.h.engine.jdbc.spi.SqlExceptionHelper   : SQL Warning Code: 0, SQLState: 00000
2023-06-09T00:00:43.881+07:00  WARN 13600 --- [restartedMain] o.h.engine.jdbc.spi.SqlExceptionHelper   : relation "m_workflow_group_condition" does not exist, skipping
2023-06-09T00:00:43.884+07:00  WARN 13600 --- [restartedMain] o.h.engine.jdbc.spi.SqlExceptionHelper   : SQL Warning Code: 0, SQLState: 00000
2023-06-09T00:00:43.884+07:00  WARN 13600 --- [restartedMain] o.h.engine.jdbc.spi.SqlExceptionHelper   : relation "m_workflow_group_condition" does not exist, skipping
2023-06-09T00:00:43.885+07:00  WARN 13600 --- [restartedMain] o.h.engine.jdbc.spi.SqlExceptionHelper   : SQL Warning Code: 0, SQLState: 00000
2023-06-09T00:00:43.885+07:00  WARN 13600 --- [restartedMain] o.h.engine.jdbc.spi.SqlExceptionHelper   : relation "m_workflow_group_condition" does not exist, skipping
2023-06-09T00:00:43.888+07:00  WARN 13600 --- [restartedMain] o.h.engine.jdbc.spi.SqlExceptionHelper   : SQL Warning Code: 0, SQLState: 00000
2023-06-09T00:00:43.888+07:00  WARN 13600 --- [restartedMain] o.h.engine.jdbc.spi.SqlExceptionHelper   : table "m_user" does not exist, skipping
2023-06-09T00:00:43.888+07:00  WARN 13600 --- [restartedMain] o.h.engine.jdbc.spi.SqlExceptionHelper   : SQL Warning Code: 0, SQLState: 00000
2023-06-09T00:00:43.888+07:00  WARN 13600 --- [restartedMain] o.h.engine.jdbc.spi.SqlExceptionHelper   : table "m_workflow_group" does not exist, skipping
2023-06-09T00:00:43.888+07:00  WARN 13600 --- [restartedMain] o.h.engine.jdbc.spi.SqlExceptionHelper   : SQL Warning Code: 0, SQLState: 00000
2023-06-09T00:00:43.888+07:00  WARN 13600 --- [restartedMain] o.h.engine.jdbc.spi.SqlExceptionHelper   : table "m_workflow_group_condition" does not exist, skipping
2023-06-09T00:00:43.895+07:00  WARN 13600 --- [restartedMain] o.h.engine.jdbc.spi.SqlExceptionHelper   : SQL Warning Code: 0, SQLState: 00000
2023-06-09T00:00:43.895+07:00  WARN 13600 --- [restartedMain] o.h.engine.jdbc.spi.SqlExceptionHelper   : table "roles" does not exist, skipping
2023-06-09T00:00:43.896+07:00  WARN 13600 --- [restartedMain] o.h.engine.jdbc.spi.SqlExceptionHelper   : SQL Warning Code: 0, SQLState: 00000
2023-06-09T00:00:43.896+07:00  WARN 13600 --- [restartedMain] o.h.engine.jdbc.spi.SqlExceptionHelper   : table "tr_incident" does not exist, skipping
2023-06-09T00:00:44.002+07:00  INFO 13600 --- [restartedMain] o.h.t.s.i.e.GenerationTargetToDatabase   : HHH000476: Executing script '[injected ScriptSourceInputNonExistentImpl script]'
2023-06-09T00:00:44.003+07:00  INFO 13600 --- [restartedMain] j.LocalContainerEntityManagerFactoryBean : Initialized JPA EntityManagerFactory for persistence unit 'default'
2023-06-09T00:00:44.240+07:00  WARN 13600 --- [restartedMain] JpaBaseConfiguration$JpaWebConfiguration : spring.jpa.open-in-view is enabled by default. Therefore, database queries may be performed during view rendering. Explicitly configure spring.jpa.open-in-view to disable this warning
2023-06-09T00:00:44.680+07:00  INFO 13600 --- [restartedMain] o.s.b.d.a.OptionalLiveReloadServer       : LiveReload server is running on port 35729
2023-06-09T00:00:44.693+07:00  INFO 13600 --- [restartedMain] o.s.b.a.e.web.EndpointLinksResolver      : Exposing 1 endpoint(s) beneath base path '/actuator'
2023-06-09T00:00:44.747+07:00  INFO 13600 --- [restartedMain] o.a.c.c.C.[Tomcat-3].[localhost].[/api]  : Initializing Spring DispatcherServlet 'dispatcherServlet'
2023-06-09T00:00:44.748+07:00  INFO 13600 --- [restartedMain] o.s.web.servlet.DispatcherServlet        : Initializing Servlet 'dispatcherServlet'
2023-06-09T00:00:44.749+07:00  INFO 13600 --- [restartedMain] o.s.web.servlet.DispatcherServlet        : Completed initialization in 0 ms
2023-06-09T00:00:44.752+07:00  INFO 13600 --- [restartedMain] o.s.b.w.embedded.tomcat.TomcatWebServer  : Tomcat started on port(s): 1707 (http) with context path '/api'
2023-06-09T00:00:44.768+07:00  INFO 13600 --- [restartedMain] com.service.service.ServiceApplication   : Started ServiceApplication in 2.434 seconds (process running for 356.12)
2023-06-09T00:00:44.774+07:00  INFO 13600 --- [restartedMain] .ConditionEvaluationDeltaLoggingListener : Condition evaluation unchanged
2023-06-09T00:01:22.937+07:00  INFO 13600 --- [File Watcher] rtingClassPathChangeChangedEventListener : Restarting due to 6 class path changes (0 additions, 0 deletions, 6 modifications)
2023-06-09T00:01:22.958+07:00  INFO 13600 --- [Thread-20] o.apache.catalina.core.StandardService   : Stopping service [Tomcat]
2023-06-09T00:01:22.958+07:00  INFO 13600 --- [Thread-20] o.a.c.c.C.[Tomcat-3].[localhost].[/api]  : Destroying Spring FrameworkServlet 'dispatcherServlet'
2023-06-09T00:01:22.967+07:00  INFO 13600 --- [Thread-20] j.LocalContainerEntityManagerFactoryBean : Closing JPA EntityManagerFactory for persistence unit 'default'
2023-06-09T00:01:22.967+07:00  INFO 13600 --- [Thread-20] .SchemaDropperImpl$DelayedDropActionImpl : HHH000477: Starting delayed evictData of schema as part of SessionFactory shut-down'
2023-06-09T00:01:23.019+07:00  INFO 13600 --- [Thread-20] com.zaxxer.hikari.HikariDataSource       : HikariPool-3 - Shutdown initiated...
2023-06-09T00:01:23.027+07:00  INFO 13600 --- [Thread-20] com.zaxxer.hikari.HikariDataSource       : HikariPool-3 - Shutdown completed.
2023-06-09T00:01:23.187+07:00  INFO 13600 --- [restartedMain] com.service.service.ServiceApplication   : Starting ServiceApplication using Java 18.0.1.1 with PID 13600 (D:\Programming\PERSONAL_PROJECT\BE\SERVICE\service\target\classes started by 62851 in D:\Programming\PERSONAL_PROJECT\BE\SERVICE\service)
2023-06-09T00:01:23.193+07:00  INFO 13600 --- [restartedMain] com.service.service.ServiceApplication   : No active profile set, falling back to 1 default profile: "default"
2023-06-09T00:01:23.695+07:00  INFO 13600 --- [restartedMain] .s.d.r.c.RepositoryConfigurationDelegate : Bootstrapping Spring Data JPA repositories in DEFAULT mode.
2023-06-09T00:01:23.742+07:00  INFO 13600 --- [restartedMain] .s.d.r.c.RepositoryConfigurationDelegate : Finished Spring Data repository scanning in 48 ms. Found 5 JPA repository interfaces.
2023-06-09T00:01:23.908+07:00  INFO 13600 --- [restartedMain] o.s.b.w.embedded.tomcat.TomcatWebServer  : Tomcat initialized with port(s): 1707 (http)
2023-06-09T00:01:23.908+07:00  INFO 13600 --- [restartedMain] o.apache.catalina.core.StandardService   : Starting service [Tomcat]
2023-06-09T00:01:23.908+07:00  INFO 13600 --- [restartedMain] o.apache.catalina.core.StandardEngine    : Starting Servlet engine: [Apache Tomcat/10.1.8]
2023-06-09T00:01:23.943+07:00  INFO 13600 --- [restartedMain] o.a.c.c.C.[Tomcat-3].[localhost].[/api]  : Initializing Spring embedded WebApplicationContext
2023-06-09T00:01:23.943+07:00  INFO 13600 --- [restartedMain] w.s.c.ServletWebServerApplicationContext : Root WebApplicationContext: initialization completed in 747 ms
2023-06-09T00:01:24.064+07:00  INFO 13600 --- [restartedMain] o.hibernate.jpa.internal.util.LogHelper  : HHH000204: Processing PersistenceUnitInfo [name: default]
2023-06-09T00:01:24.072+07:00  INFO 13600 --- [restartedMain] o.h.b.i.BytecodeProviderInitiator        : HHH000021: Bytecode provider name : bytebuddy
2023-06-09T00:01:24.072+07:00  INFO 13600 --- [restartedMain] o.s.o.j.p.SpringPersistenceUnitInfo      : No LoadTimeWeaver setup: ignoring JPA class transformer
2023-06-09T00:01:24.072+07:00  INFO 13600 --- [restartedMain] org.hibernate.orm.dialect                : HHH035001: Using dialect: org.hibernate.dialect.PostgreSQLDialect, version: 10.0
2023-06-09T00:01:24.113+07:00  INFO 13600 --- [restartedMain] o.h.b.i.BytecodeProviderInitiator        : HHH000021: Bytecode provider name : bytebuddy
2023-06-09T00:01:24.252+07:00  INFO 13600 --- [restartedMain] o.h.e.t.j.p.i.JtaPlatformInitiator       : HHH000490: Using JtaPlatform implementation: [org.hibernate.engine.transaction.jta.platform.internal.NoJtaPlatform]
2023-06-09T00:01:24.252+07:00  INFO 13600 --- [restartedMain] com.zaxxer.hikari.HikariDataSource       : HikariPool-4 - Starting...
2023-06-09T00:01:24.346+07:00  INFO 13600 --- [restartedMain] com.zaxxer.hikari.pool.HikariPool        : HikariPool-4 - Added connection org.postgresql.jdbc.PgConnection@339bf502
2023-06-09T00:01:24.348+07:00  INFO 13600 --- [restartedMain] com.zaxxer.hikari.HikariDataSource       : HikariPool-4 - Start completed.
2023-06-09T00:01:24.351+07:00  WARN 13600 --- [restartedMain] o.h.engine.jdbc.spi.SqlExceptionHelper   : SQL Warning Code: 0, SQLState: 00000
2023-06-09T00:01:24.351+07:00  WARN 13600 --- [restartedMain] o.h.engine.jdbc.spi.SqlExceptionHelper   : relation "m_workflow_group" does not exist, skipping
2023-06-09T00:01:24.352+07:00  WARN 13600 --- [restartedMain] o.h.engine.jdbc.spi.SqlExceptionHelper   : SQL Warning Code: 0, SQLState: 00000
2023-06-09T00:01:24.352+07:00  WARN 13600 --- [restartedMain] o.h.engine.jdbc.spi.SqlExceptionHelper   : relation "m_workflow_group" does not exist, skipping
2023-06-09T00:01:24.354+07:00  WARN 13600 --- [restartedMain] o.h.engine.jdbc.spi.SqlExceptionHelper   : SQL Warning Code: 0, SQLState: 00000
2023-06-09T00:01:24.354+07:00  WARN 13600 --- [restartedMain] o.h.engine.jdbc.spi.SqlExceptionHelper   : relation "m_workflow_group_condition" does not exist, skipping
2023-06-09T00:01:24.356+07:00  WARN 13600 --- [restartedMain] o.h.engine.jdbc.spi.SqlExceptionHelper   : SQL Warning Code: 0, SQLState: 00000
2023-06-09T00:01:24.356+07:00  WARN 13600 --- [restartedMain] o.h.engine.jdbc.spi.SqlExceptionHelper   : relation "m_workflow_group_condition" does not exist, skipping
2023-06-09T00:01:24.359+07:00  WARN 13600 --- [restartedMain] o.h.engine.jdbc.spi.SqlExceptionHelper   : SQL Warning Code: 0, SQLState: 00000
2023-06-09T00:01:24.359+07:00  WARN 13600 --- [restartedMain] o.h.engine.jdbc.spi.SqlExceptionHelper   : relation "m_workflow_group_condition" does not exist, skipping
2023-06-09T00:01:24.359+07:00  WARN 13600 --- [restartedMain] o.h.engine.jdbc.spi.SqlExceptionHelper   : SQL Warning Code: 0, SQLState: 00000
2023-06-09T00:01:24.359+07:00  WARN 13600 --- [restartedMain] o.h.engine.jdbc.spi.SqlExceptionHelper   : table "m_roles" does not exist, skipping
2023-06-09T00:01:24.362+07:00  WARN 13600 --- [restartedMain] o.h.engine.jdbc.spi.SqlExceptionHelper   : SQL Warning Code: 0, SQLState: 00000
2023-06-09T00:01:24.362+07:00  WARN 13600 --- [restartedMain] o.h.engine.jdbc.spi.SqlExceptionHelper   : table "m_user" does not exist, skipping
2023-06-09T00:01:24.364+07:00  WARN 13600 --- [restartedMain] o.h.engine.jdbc.spi.SqlExceptionHelper   : SQL Warning Code: 0, SQLState: 00000
2023-06-09T00:01:24.364+07:00  WARN 13600 --- [restartedMain] o.h.engine.jdbc.spi.SqlExceptionHelper   : table "m_workflow_group" does not exist, skipping
2023-06-09T00:01:24.367+07:00  WARN 13600 --- [restartedMain] o.h.engine.jdbc.spi.SqlExceptionHelper   : SQL Warning Code: 0, SQLState: 00000
2023-06-09T00:01:24.368+07:00  WARN 13600 --- [restartedMain] o.h.engine.jdbc.spi.SqlExceptionHelper   : table "m_workflow_group_condition" does not exist, skipping
2023-06-09T00:01:24.369+07:00  WARN 13600 --- [restartedMain] o.h.engine.jdbc.spi.SqlExceptionHelper   : SQL Warning Code: 0, SQLState: 00000
2023-06-09T00:01:24.369+07:00  WARN 13600 --- [restartedMain] o.h.engine.jdbc.spi.SqlExceptionHelper   : table "tr_incident" does not exist, skipping
2023-06-09T00:01:24.452+07:00  INFO 13600 --- [restartedMain] o.h.t.s.i.e.GenerationTargetToDatabase   : HHH000476: Executing script '[injected ScriptSourceInputNonExistentImpl script]'
2023-06-09T00:01:24.452+07:00  INFO 13600 --- [restartedMain] j.LocalContainerEntityManagerFactoryBean : Initialized JPA EntityManagerFactory for persistence unit 'default'
2023-06-09T00:01:24.683+07:00  WARN 13600 --- [restartedMain] JpaBaseConfiguration$JpaWebConfiguration : spring.jpa.open-in-view is enabled by default. Therefore, database queries may be performed during view rendering. Explicitly configure spring.jpa.open-in-view to disable this warning
2023-06-09T00:01:25.070+07:00  INFO 13600 --- [restartedMain] o.s.b.d.a.OptionalLiveReloadServer       : LiveReload server is running on port 35729
2023-06-09T00:01:25.076+07:00  INFO 13600 --- [restartedMain] o.s.b.a.e.web.EndpointLinksResolver      : Exposing 1 endpoint(s) beneath base path '/actuator'
2023-06-09T00:01:25.114+07:00  INFO 13600 --- [restartedMain] o.a.c.c.C.[Tomcat-3].[localhost].[/api]  : Initializing Spring DispatcherServlet 'dispatcherServlet'
2023-06-09T00:01:25.118+07:00  INFO 13600 --- [restartedMain] o.s.web.servlet.DispatcherServlet        : Initializing Servlet 'dispatcherServlet'
2023-06-09T00:01:25.121+07:00  INFO 13600 --- [restartedMain] o.s.web.servlet.DispatcherServlet        : Completed initialization in 3 ms
2023-06-09T00:01:25.121+07:00  INFO 13600 --- [restartedMain] o.s.b.w.embedded.tomcat.TomcatWebServer  : Tomcat started on port(s): 1707 (http) with context path '/api'
2023-06-09T00:01:25.137+07:00  INFO 13600 --- [restartedMain] com.service.service.ServiceApplication   : Started ServiceApplication in 2.016 seconds (process running for 396.491)
2023-06-09T00:01:25.145+07:00  INFO 13600 --- [restartedMain] .ConditionEvaluationDeltaLoggingListener : Condition evaluation unchanged
2023-06-09T00:01:36.769+07:00  INFO 13600 --- [File Watcher] rtingClassPathChangeChangedEventListener : Restarting due to 6 class path changes (0 additions, 0 deletions, 6 modifications)
2023-06-09T00:01:36.785+07:00  INFO 13600 --- [Thread-24] o.apache.catalina.core.StandardService   : Stopping service [Tomcat]
2023-06-09T00:01:36.787+07:00  INFO 13600 --- [Thread-24] o.a.c.c.C.[Tomcat-3].[localhost].[/api]  : Destroying Spring FrameworkServlet 'dispatcherServlet'
2023-06-09T00:01:36.794+07:00  INFO 13600 --- [Thread-24] j.LocalContainerEntityManagerFactoryBean : Closing JPA EntityManagerFactory for persistence unit 'default'
2023-06-09T00:01:36.794+07:00  INFO 13600 --- [Thread-24] .SchemaDropperImpl$DelayedDropActionImpl : HHH000477: Starting delayed evictData of schema as part of SessionFactory shut-down'
2023-06-09T00:01:36.847+07:00  INFO 13600 --- [Thread-24] com.zaxxer.hikari.HikariDataSource       : HikariPool-4 - Shutdown initiated...
2023-06-09T00:01:36.861+07:00  INFO 13600 --- [Thread-24] com.zaxxer.hikari.HikariDataSource       : HikariPool-4 - Shutdown completed.
2023-06-09T00:01:37.035+07:00  INFO 13600 --- [restartedMain] com.service.service.ServiceApplication   : Starting ServiceApplication using Java 18.0.1.1 with PID 13600 (D:\Programming\PERSONAL_PROJECT\BE\SERVICE\service\target\classes started by 62851 in D:\Programming\PERSONAL_PROJECT\BE\SERVICE\service)
2023-06-09T00:01:37.036+07:00  INFO 13600 --- [restartedMain] com.service.service.ServiceApplication   : No active profile set, falling back to 1 default profile: "default"
2023-06-09T00:01:37.540+07:00  INFO 13600 --- [restartedMain] .s.d.r.c.RepositoryConfigurationDelegate : Bootstrapping Spring Data JPA repositories in DEFAULT mode.
2023-06-09T00:01:37.584+07:00  INFO 13600 --- [restartedMain] .s.d.r.c.RepositoryConfigurationDelegate : Finished Spring Data repository scanning in 40 ms. Found 5 JPA repository interfaces.
2023-06-09T00:01:37.758+07:00  INFO 13600 --- [restartedMain] o.s.b.w.embedded.tomcat.TomcatWebServer  : Tomcat initialized with port(s): 1707 (http)
2023-06-09T00:01:37.764+07:00  INFO 13600 --- [restartedMain] o.apache.catalina.core.StandardService   : Starting service [Tomcat]
2023-06-09T00:01:37.764+07:00  INFO 13600 --- [restartedMain] o.apache.catalina.core.StandardEngine    : Starting Servlet engine: [Apache Tomcat/10.1.8]
2023-06-09T00:01:37.785+07:00  INFO 13600 --- [restartedMain] o.a.c.c.C.[Tomcat-3].[localhost].[/api]  : Initializing Spring embedded WebApplicationContext
2023-06-09T00:01:37.785+07:00  INFO 13600 --- [restartedMain] w.s.c.ServletWebServerApplicationContext : Root WebApplicationContext: initialization completed in 746 ms
2023-06-09T00:01:37.893+07:00  INFO 13600 --- [restartedMain] o.hibernate.jpa.internal.util.LogHelper  : HHH000204: Processing PersistenceUnitInfo [name: default]
2023-06-09T00:01:37.911+07:00  INFO 13600 --- [restartedMain] o.h.b.i.BytecodeProviderInitiator        : HHH000021: Bytecode provider name : bytebuddy
2023-06-09T00:01:37.911+07:00  INFO 13600 --- [restartedMain] o.s.o.j.p.SpringPersistenceUnitInfo      : No LoadTimeWeaver setup: ignoring JPA class transformer
2023-06-09T00:01:37.911+07:00  INFO 13600 --- [restartedMain] org.hibernate.orm.dialect                : HHH035001: Using dialect: org.hibernate.dialect.PostgreSQLDialect, version: 10.0
2023-06-09T00:01:37.947+07:00  INFO 13600 --- [restartedMain] o.h.b.i.BytecodeProviderInitiator        : HHH000021: Bytecode provider name : bytebuddy
2023-06-09T00:01:38.042+07:00  INFO 13600 --- [restartedMain] o.h.e.t.j.p.i.JtaPlatformInitiator       : HHH000490: Using JtaPlatform implementation: [org.hibernate.engine.transaction.jta.platform.internal.NoJtaPlatform]
2023-06-09T00:01:38.047+07:00  INFO 13600 --- [restartedMain] com.zaxxer.hikari.HikariDataSource       : HikariPool-5 - Starting...
2023-06-09T00:01:38.133+07:00  INFO 13600 --- [restartedMain] com.zaxxer.hikari.pool.HikariPool        : HikariPool-5 - Added connection org.postgresql.jdbc.PgConnection@39c0b7d2
2023-06-09T00:01:38.138+07:00  INFO 13600 --- [restartedMain] com.zaxxer.hikari.HikariDataSource       : HikariPool-5 - Start completed.
2023-06-09T00:01:38.138+07:00  WARN 13600 --- [restartedMain] o.h.engine.jdbc.spi.SqlExceptionHelper   : SQL Warning Code: 0, SQLState: 00000
2023-06-09T00:01:38.138+07:00  WARN 13600 --- [restartedMain] o.h.engine.jdbc.spi.SqlExceptionHelper   : relation "m_workflow_group" does not exist, skipping
2023-06-09T00:01:38.138+07:00  WARN 13600 --- [restartedMain] o.h.engine.jdbc.spi.SqlExceptionHelper   : SQL Warning Code: 0, SQLState: 00000
2023-06-09T00:01:38.138+07:00  WARN 13600 --- [restartedMain] o.h.engine.jdbc.spi.SqlExceptionHelper   : relation "m_workflow_group" does not exist, skipping
2023-06-09T00:01:38.142+07:00  WARN 13600 --- [restartedMain] o.h.engine.jdbc.spi.SqlExceptionHelper   : SQL Warning Code: 0, SQLState: 00000
2023-06-09T00:01:38.142+07:00  WARN 13600 --- [restartedMain] o.h.engine.jdbc.spi.SqlExceptionHelper   : relation "m_workflow_group_condition" does not exist, skipping
2023-06-09T00:01:38.142+07:00  WARN 13600 --- [restartedMain] o.h.engine.jdbc.spi.SqlExceptionHelper   : SQL Warning Code: 0, SQLState: 00000
2023-06-09T00:01:38.142+07:00  WARN 13600 --- [restartedMain] o.h.engine.jdbc.spi.SqlExceptionHelper   : relation "m_workflow_group_condition" does not exist, skipping
2023-06-09T00:01:38.147+07:00  WARN 13600 --- [restartedMain] o.h.engine.jdbc.spi.SqlExceptionHelper   : SQL Warning Code: 0, SQLState: 00000
2023-06-09T00:01:38.147+07:00  WARN 13600 --- [restartedMain] o.h.engine.jdbc.spi.SqlExceptionHelper   : relation "m_workflow_group_condition" does not exist, skipping
2023-06-09T00:01:38.148+07:00  WARN 13600 --- [restartedMain] o.h.engine.jdbc.spi.SqlExceptionHelper   : SQL Warning Code: 0, SQLState: 00000
2023-06-09T00:01:38.148+07:00  WARN 13600 --- [restartedMain] o.h.engine.jdbc.spi.SqlExceptionHelper   : table "m_roles" does not exist, skipping
2023-06-09T00:01:38.151+07:00  WARN 13600 --- [restartedMain] o.h.engine.jdbc.spi.SqlExceptionHelper   : SQL Warning Code: 0, SQLState: 00000
2023-06-09T00:01:38.152+07:00  WARN 13600 --- [restartedMain] o.h.engine.jdbc.spi.SqlExceptionHelper   : table "m_user" does not exist, skipping
2023-06-09T00:01:38.154+07:00  WARN 13600 --- [restartedMain] o.h.engine.jdbc.spi.SqlExceptionHelper   : SQL Warning Code: 0, SQLState: 00000
2023-06-09T00:01:38.154+07:00  WARN 13600 --- [restartedMain] o.h.engine.jdbc.spi.SqlExceptionHelper   : table "m_workflow_group" does not exist, skipping
2023-06-09T00:01:38.156+07:00  WARN 13600 --- [restartedMain] o.h.engine.jdbc.spi.SqlExceptionHelper   : SQL Warning Code: 0, SQLState: 00000
2023-06-09T00:01:38.156+07:00  WARN 13600 --- [restartedMain] o.h.engine.jdbc.spi.SqlExceptionHelper   : table "m_workflow_group_condition" does not exist, skipping
2023-06-09T00:01:38.159+07:00  WARN 13600 --- [restartedMain] o.h.engine.jdbc.spi.SqlExceptionHelper   : SQL Warning Code: 0, SQLState: 00000
2023-06-09T00:01:38.161+07:00  WARN 13600 --- [restartedMain] o.h.engine.jdbc.spi.SqlExceptionHelper   : table "tr_incident" does not exist, skipping
2023-06-09T00:01:38.249+07:00  INFO 13600 --- [restartedMain] o.h.t.s.i.e.GenerationTargetToDatabase   : HHH000476: Executing script '[injected ScriptSourceInputNonExistentImpl script]'
2023-06-09T00:01:38.249+07:00  INFO 13600 --- [restartedMain] j.LocalContainerEntityManagerFactoryBean : Initialized JPA EntityManagerFactory for persistence unit 'default'
2023-06-09T00:01:38.460+07:00  WARN 13600 --- [restartedMain] JpaBaseConfiguration$JpaWebConfiguration : spring.jpa.open-in-view is enabled by default. Therefore, database queries may be performed during view rendering. Explicitly configure spring.jpa.open-in-view to disable this warning
2023-06-09T00:01:38.844+07:00  INFO 13600 --- [restartedMain] o.s.b.d.a.OptionalLiveReloadServer       : LiveReload server is running on port 35729
2023-06-09T00:01:38.852+07:00  INFO 13600 --- [restartedMain] o.s.b.a.e.web.EndpointLinksResolver      : Exposing 1 endpoint(s) beneath base path '/actuator'
2023-06-09T00:01:38.895+07:00  INFO 13600 --- [restartedMain] o.a.c.c.C.[Tomcat-3].[localhost].[/api]  : Initializing Spring DispatcherServlet 'dispatcherServlet'
2023-06-09T00:01:38.895+07:00  INFO 13600 --- [restartedMain] o.s.web.servlet.DispatcherServlet        : Initializing Servlet 'dispatcherServlet'
2023-06-09T00:01:38.900+07:00  INFO 13600 --- [restartedMain] o.s.web.servlet.DispatcherServlet        : Completed initialization in 5 ms
2023-06-09T00:01:38.902+07:00  INFO 13600 --- [restartedMain] o.s.b.w.embedded.tomcat.TomcatWebServer  : Tomcat started on port(s): 1707 (http) with context path '/api'
2023-06-09T00:01:38.917+07:00  INFO 13600 --- [restartedMain] com.service.service.ServiceApplication   : Started ServiceApplication in 1.946 seconds (process running for 410.269)
2023-06-09T00:01:38.921+07:00  INFO 13600 --- [restartedMain] .ConditionEvaluationDeltaLoggingListener : Condition evaluation unchanged
