2023-06-09 00:00:42 [File Watcher] INFO  : Restarting due to 6 class path changes (0 additions, 0 deletions, 6 modifications)
2023-06-09 00:00:42 [Thread-7] INFO  : Stopping service [Tomcat]
2023-06-09 00:00:42 [Thread-7] INFO  : Destroying Spring FrameworkServlet 'dispatcherServlet'
2023-06-09 00:00:42 [Thread-7] INFO  : Closing JPA EntityManagerFactory for persistence unit 'default'
2023-06-09 00:00:42 [Thread-7] INFO  : HHH000477: Starting delayed evictData of schema as part of SessionFactory shut-down'
2023-06-09 00:00:42 [Thread-7] INFO  : HikariPool-2 - Shutdown initiated...
2023-06-09 00:00:42 [Thread-7] INFO  : HikariPool-2 - Shutdown completed.
2023-06-09 00:00:42 [restartedMain] INFO  : Starting ServiceApplication using Java 18.0.1.1 with PID 13600 (D:\Programming\PERSONAL_PROJECT\BE\SERVICE\service\target\classes started by 62851 in D:\Programming\PERSONAL_PROJECT\BE\SERVICE\service)
2023-06-09 00:00:42 [restartedMain] INFO  : No active profile set, falling back to 1 default profile: "default"
2023-06-09 00:00:43 [restartedMain] INFO  : Bootstrapping Spring Data JPA repositories in DEFAULT mode.
2023-06-09 00:00:43 [restartedMain] INFO  : Finished Spring Data repository scanning in 72 ms. Found 5 JPA repository interfaces.
2023-06-09 00:00:43 [restartedMain] INFO  : Tomcat initialized with port(s): 1707 (http)
2023-06-09 00:00:43 [restartedMain] INFO  : Starting service [Tomcat]
2023-06-09 00:00:43 [restartedMain] INFO  : Starting Servlet engine: [Apache Tomcat/10.1.8]
2023-06-09 00:00:43 [restartedMain] INFO  : Initializing Spring embedded WebApplicationContext
2023-06-09 00:00:43 [restartedMain] INFO  : Root WebApplicationContext: initialization completed in 1027 ms
2023-06-09 00:00:43 [restartedMain] INFO  : HHH000204: Processing PersistenceUnitInfo [name: default]
2023-06-09 00:00:43 [restartedMain] INFO  : HHH000021: Bytecode provider name : bytebuddy
2023-06-09 00:00:43 [restartedMain] INFO  : No LoadTimeWeaver setup: ignoring JPA class transformer
2023-06-09 00:00:43 [restartedMain] INFO  : HHH035001: Using dialect: org.hibernate.dialect.PostgreSQLDialect, version: 10.0
2023-06-09 00:00:43 [restartedMain] INFO  : HHH000021: Bytecode provider name : bytebuddy
2023-06-09 00:00:43 [restartedMain] INFO  : HHH000490: Using JtaPlatform implementation: [org.hibernate.engine.transaction.jta.platform.internal.NoJtaPlatform]
2023-06-09 00:00:43 [restartedMain] INFO  : HikariPool-3 - Starting...
2023-06-09 00:00:43 [restartedMain] INFO  : HikariPool-3 - Added connection org.postgresql.jdbc.PgConnection@31fc10f
2023-06-09 00:00:43 [restartedMain] INFO  : HikariPool-3 - Start completed.
2023-06-09 00:00:43 [restartedMain] WARN  : SQL Warning Code: 0, SQLState: 00000
2023-06-09 00:00:43 [restartedMain] WARN  : relation "m_workflow_group" does not exist, skipping
2023-06-09 00:00:43 [restartedMain] WARN  : SQL Warning Code: 0, SQLState: 00000
2023-06-09 00:00:43 [restartedMain] WARN  : relation "m_workflow_group" does not exist, skipping
2023-06-09 00:00:43 [restartedMain] WARN  : SQL Warning Code: 0, SQLState: 00000
2023-06-09 00:00:43 [restartedMain] WARN  : relation "m_workflow_group_condition" does not exist, skipping
2023-06-09 00:00:43 [restartedMain] WARN  : SQL Warning Code: 0, SQLState: 00000
2023-06-09 00:00:43 [restartedMain] WARN  : relation "m_workflow_group_condition" does not exist, skipping
2023-06-09 00:00:43 [restartedMain] WARN  : SQL Warning Code: 0, SQLState: 00000
2023-06-09 00:00:43 [restartedMain] WARN  : relation "m_workflow_group_condition" does not exist, skipping
2023-06-09 00:00:43 [restartedMain] WARN  : SQL Warning Code: 0, SQLState: 00000
2023-06-09 00:00:43 [restartedMain] WARN  : table "m_user" does not exist, skipping
2023-06-09 00:00:43 [restartedMain] WARN  : SQL Warning Code: 0, SQLState: 00000
2023-06-09 00:00:43 [restartedMain] WARN  : table "m_workflow_group" does not exist, skipping
2023-06-09 00:00:43 [restartedMain] WARN  : SQL Warning Code: 0, SQLState: 00000
2023-06-09 00:00:43 [restartedMain] WARN  : table "m_workflow_group_condition" does not exist, skipping
2023-06-09 00:00:43 [restartedMain] WARN  : SQL Warning Code: 0, SQLState: 00000
2023-06-09 00:00:43 [restartedMain] WARN  : table "roles" does not exist, skipping
2023-06-09 00:00:43 [restartedMain] WARN  : SQL Warning Code: 0, SQLState: 00000
2023-06-09 00:00:43 [restartedMain] WARN  : table "tr_incident" does not exist, skipping
2023-06-09 00:00:44 [restartedMain] INFO  : HHH000476: Executing script '[injected ScriptSourceInputNonExistentImpl script]'
2023-06-09 00:00:44 [restartedMain] INFO  : Initialized JPA EntityManagerFactory for persistence unit 'default'
2023-06-09 00:00:44 [restartedMain] WARN  : spring.jpa.open-in-view is enabled by default. Therefore, database queries may be performed during view rendering. Explicitly configure spring.jpa.open-in-view to disable this warning
2023-06-09 00:00:44 [restartedMain] INFO  : LiveReload server is running on port 35729
2023-06-09 00:00:44 [restartedMain] INFO  : Exposing 1 endpoint(s) beneath base path '/actuator'
2023-06-09 00:00:44 [restartedMain] INFO  : Initializing Spring DispatcherServlet 'dispatcherServlet'
2023-06-09 00:00:44 [restartedMain] INFO  : Initializing Servlet 'dispatcherServlet'
2023-06-09 00:00:44 [restartedMain] INFO  : Completed initialization in 0 ms
2023-06-09 00:00:44 [restartedMain] INFO  : Tomcat started on port(s): 1707 (http) with context path '/api'
2023-06-09 00:00:44 [restartedMain] INFO  : Started ServiceApplication in 2.434 seconds (process running for 356.12)
2023-06-09 00:00:44 [restartedMain] INFO  : Condition evaluation unchanged
2023-06-09 00:01:22 [File Watcher] INFO  : Restarting due to 6 class path changes (0 additions, 0 deletions, 6 modifications)
2023-06-09 00:01:22 [Thread-20] INFO  : Stopping service [Tomcat]
2023-06-09 00:01:22 [Thread-20] INFO  : Destroying Spring FrameworkServlet 'dispatcherServlet'
2023-06-09 00:01:22 [Thread-20] INFO  : Closing JPA EntityManagerFactory for persistence unit 'default'
2023-06-09 00:01:22 [Thread-20] INFO  : HHH000477: Starting delayed evictData of schema as part of SessionFactory shut-down'
2023-06-09 00:01:23 [Thread-20] INFO  : HikariPool-3 - Shutdown initiated...
2023-06-09 00:01:23 [Thread-20] INFO  : HikariPool-3 - Shutdown completed.
2023-06-09 00:01:23 [restartedMain] INFO  : Starting ServiceApplication using Java 18.0.1.1 with PID 13600 (D:\Programming\PERSONAL_PROJECT\BE\SERVICE\service\target\classes started by 62851 in D:\Programming\PERSONAL_PROJECT\BE\SERVICE\service)
2023-06-09 00:01:23 [restartedMain] INFO  : No active profile set, falling back to 1 default profile: "default"
2023-06-09 00:01:23 [restartedMain] INFO  : Bootstrapping Spring Data JPA repositories in DEFAULT mode.
2023-06-09 00:01:23 [restartedMain] INFO  : Finished Spring Data repository scanning in 48 ms. Found 5 JPA repository interfaces.
2023-06-09 00:01:23 [restartedMain] INFO  : Tomcat initialized with port(s): 1707 (http)
2023-06-09 00:01:23 [restartedMain] INFO  : Starting service [Tomcat]
2023-06-09 00:01:23 [restartedMain] INFO  : Starting Servlet engine: [Apache Tomcat/10.1.8]
2023-06-09 00:01:23 [restartedMain] INFO  : Initializing Spring embedded WebApplicationContext
2023-06-09 00:01:23 [restartedMain] INFO  : Root WebApplicationContext: initialization completed in 747 ms
2023-06-09 00:01:24 [restartedMain] INFO  : HHH000204: Processing PersistenceUnitInfo [name: default]
2023-06-09 00:01:24 [restartedMain] INFO  : HHH000021: Bytecode provider name : bytebuddy
2023-06-09 00:01:24 [restartedMain] INFO  : No LoadTimeWeaver setup: ignoring JPA class transformer
2023-06-09 00:01:24 [restartedMain] INFO  : HHH035001: Using dialect: org.hibernate.dialect.PostgreSQLDialect, version: 10.0
2023-06-09 00:01:24 [restartedMain] INFO  : HHH000021: Bytecode provider name : bytebuddy
2023-06-09 00:01:24 [restartedMain] INFO  : HHH000490: Using JtaPlatform implementation: [org.hibernate.engine.transaction.jta.platform.internal.NoJtaPlatform]
2023-06-09 00:01:24 [restartedMain] INFO  : HikariPool-4 - Starting...
2023-06-09 00:01:24 [restartedMain] INFO  : HikariPool-4 - Added connection org.postgresql.jdbc.PgConnection@339bf502
2023-06-09 00:01:24 [restartedMain] INFO  : HikariPool-4 - Start completed.
2023-06-09 00:01:24 [restartedMain] WARN  : SQL Warning Code: 0, SQLState: 00000
2023-06-09 00:01:24 [restartedMain] WARN  : relation "m_workflow_group" does not exist, skipping
2023-06-09 00:01:24 [restartedMain] WARN  : SQL Warning Code: 0, SQLState: 00000
2023-06-09 00:01:24 [restartedMain] WARN  : relation "m_workflow_group" does not exist, skipping
2023-06-09 00:01:24 [restartedMain] WARN  : SQL Warning Code: 0, SQLState: 00000
2023-06-09 00:01:24 [restartedMain] WARN  : relation "m_workflow_group_condition" does not exist, skipping
2023-06-09 00:01:24 [restartedMain] WARN  : SQL Warning Code: 0, SQLState: 00000
2023-06-09 00:01:24 [restartedMain] WARN  : relation "m_workflow_group_condition" does not exist, skipping
2023-06-09 00:01:24 [restartedMain] WARN  : SQL Warning Code: 0, SQLState: 00000
2023-06-09 00:01:24 [restartedMain] WARN  : relation "m_workflow_group_condition" does not exist, skipping
2023-06-09 00:01:24 [restartedMain] WARN  : SQL Warning Code: 0, SQLState: 00000
2023-06-09 00:01:24 [restartedMain] WARN  : table "m_roles" does not exist, skipping
2023-06-09 00:01:24 [restartedMain] WARN  : SQL Warning Code: 0, SQLState: 00000
2023-06-09 00:01:24 [restartedMain] WARN  : table "m_user" does not exist, skipping
2023-06-09 00:01:24 [restartedMain] WARN  : SQL Warning Code: 0, SQLState: 00000
2023-06-09 00:01:24 [restartedMain] WARN  : table "m_workflow_group" does not exist, skipping
2023-06-09 00:01:24 [restartedMain] WARN  : SQL Warning Code: 0, SQLState: 00000
2023-06-09 00:01:24 [restartedMain] WARN  : table "m_workflow_group_condition" does not exist, skipping
2023-06-09 00:01:24 [restartedMain] WARN  : SQL Warning Code: 0, SQLState: 00000
2023-06-09 00:01:24 [restartedMain] WARN  : table "tr_incident" does not exist, skipping
2023-06-09 00:01:24 [restartedMain] INFO  : HHH000476: Executing script '[injected ScriptSourceInputNonExistentImpl script]'
2023-06-09 00:01:24 [restartedMain] INFO  : Initialized JPA EntityManagerFactory for persistence unit 'default'
2023-06-09 00:01:24 [restartedMain] WARN  : spring.jpa.open-in-view is enabled by default. Therefore, database queries may be performed during view rendering. Explicitly configure spring.jpa.open-in-view to disable this warning
2023-06-09 00:01:25 [restartedMain] INFO  : LiveReload server is running on port 35729
2023-06-09 00:01:25 [restartedMain] INFO  : Exposing 1 endpoint(s) beneath base path '/actuator'
2023-06-09 00:01:25 [restartedMain] INFO  : Initializing Spring DispatcherServlet 'dispatcherServlet'
2023-06-09 00:01:25 [restartedMain] INFO  : Initializing Servlet 'dispatcherServlet'
2023-06-09 00:01:25 [restartedMain] INFO  : Completed initialization in 3 ms
2023-06-09 00:01:25 [restartedMain] INFO  : Tomcat started on port(s): 1707 (http) with context path '/api'
2023-06-09 00:01:25 [restartedMain] INFO  : Started ServiceApplication in 2.016 seconds (process running for 396.491)
2023-06-09 00:01:25 [restartedMain] INFO  : Condition evaluation unchanged
2023-06-09 00:01:36 [File Watcher] INFO  : Restarting due to 6 class path changes (0 additions, 0 deletions, 6 modifications)
2023-06-09 00:01:36 [Thread-24] INFO  : Stopping service [Tomcat]
2023-06-09 00:01:36 [Thread-24] INFO  : Destroying Spring FrameworkServlet 'dispatcherServlet'
2023-06-09 00:01:36 [Thread-24] INFO  : Closing JPA EntityManagerFactory for persistence unit 'default'
2023-06-09 00:01:36 [Thread-24] INFO  : HHH000477: Starting delayed evictData of schema as part of SessionFactory shut-down'
2023-06-09 00:01:36 [Thread-24] INFO  : HikariPool-4 - Shutdown initiated...
2023-06-09 00:01:36 [Thread-24] INFO  : HikariPool-4 - Shutdown completed.
2023-06-09 00:01:37 [restartedMain] INFO  : Starting ServiceApplication using Java 18.0.1.1 with PID 13600 (D:\Programming\PERSONAL_PROJECT\BE\SERVICE\service\target\classes started by 62851 in D:\Programming\PERSONAL_PROJECT\BE\SERVICE\service)
2023-06-09 00:01:37 [restartedMain] INFO  : No active profile set, falling back to 1 default profile: "default"
2023-06-09 00:01:37 [restartedMain] INFO  : Bootstrapping Spring Data JPA repositories in DEFAULT mode.
2023-06-09 00:01:37 [restartedMain] INFO  : Finished Spring Data repository scanning in 40 ms. Found 5 JPA repository interfaces.
2023-06-09 00:01:37 [restartedMain] INFO  : Tomcat initialized with port(s): 1707 (http)
2023-06-09 00:01:37 [restartedMain] INFO  : Starting service [Tomcat]
2023-06-09 00:01:37 [restartedMain] INFO  : Starting Servlet engine: [Apache Tomcat/10.1.8]
2023-06-09 00:01:37 [restartedMain] INFO  : Initializing Spring embedded WebApplicationContext
2023-06-09 00:01:37 [restartedMain] INFO  : Root WebApplicationContext: initialization completed in 746 ms
2023-06-09 00:01:37 [restartedMain] INFO  : HHH000204: Processing PersistenceUnitInfo [name: default]
2023-06-09 00:01:37 [restartedMain] INFO  : HHH000021: Bytecode provider name : bytebuddy
2023-06-09 00:01:37 [restartedMain] INFO  : No LoadTimeWeaver setup: ignoring JPA class transformer
2023-06-09 00:01:37 [restartedMain] INFO  : HHH035001: Using dialect: org.hibernate.dialect.PostgreSQLDialect, version: 10.0
2023-06-09 00:01:37 [restartedMain] INFO  : HHH000021: Bytecode provider name : bytebuddy
2023-06-09 00:01:38 [restartedMain] INFO  : HHH000490: Using JtaPlatform implementation: [org.hibernate.engine.transaction.jta.platform.internal.NoJtaPlatform]
2023-06-09 00:01:38 [restartedMain] INFO  : HikariPool-5 - Starting...
2023-06-09 00:01:38 [restartedMain] INFO  : HikariPool-5 - Added connection org.postgresql.jdbc.PgConnection@39c0b7d2
2023-06-09 00:01:38 [restartedMain] INFO  : HikariPool-5 - Start completed.
2023-06-09 00:01:38 [restartedMain] WARN  : SQL Warning Code: 0, SQLState: 00000
2023-06-09 00:01:38 [restartedMain] WARN  : relation "m_workflow_group" does not exist, skipping
2023-06-09 00:01:38 [restartedMain] WARN  : SQL Warning Code: 0, SQLState: 00000
2023-06-09 00:01:38 [restartedMain] WARN  : relation "m_workflow_group" does not exist, skipping
2023-06-09 00:01:38 [restartedMain] WARN  : SQL Warning Code: 0, SQLState: 00000
2023-06-09 00:01:38 [restartedMain] WARN  : relation "m_workflow_group_condition" does not exist, skipping
2023-06-09 00:01:38 [restartedMain] WARN  : SQL Warning Code: 0, SQLState: 00000
2023-06-09 00:01:38 [restartedMain] WARN  : relation "m_workflow_group_condition" does not exist, skipping
2023-06-09 00:01:38 [restartedMain] WARN  : SQL Warning Code: 0, SQLState: 00000
2023-06-09 00:01:38 [restartedMain] WARN  : relation "m_workflow_group_condition" does not exist, skipping
2023-06-09 00:01:38 [restartedMain] WARN  : SQL Warning Code: 0, SQLState: 00000
2023-06-09 00:01:38 [restartedMain] WARN  : table "m_roles" does not exist, skipping
2023-06-09 00:01:38 [restartedMain] WARN  : SQL Warning Code: 0, SQLState: 00000
2023-06-09 00:01:38 [restartedMain] WARN  : table "m_user" does not exist, skipping
2023-06-09 00:01:38 [restartedMain] WARN  : SQL Warning Code: 0, SQLState: 00000
2023-06-09 00:01:38 [restartedMain] WARN  : table "m_workflow_group" does not exist, skipping
2023-06-09 00:01:38 [restartedMain] WARN  : SQL Warning Code: 0, SQLState: 00000
2023-06-09 00:01:38 [restartedMain] WARN  : table "m_workflow_group_condition" does not exist, skipping
2023-06-09 00:01:38 [restartedMain] WARN  : SQL Warning Code: 0, SQLState: 00000
2023-06-09 00:01:38 [restartedMain] WARN  : table "tr_incident" does not exist, skipping
2023-06-09 00:01:38 [restartedMain] INFO  : HHH000476: Executing script '[injected ScriptSourceInputNonExistentImpl script]'
2023-06-09 00:01:38 [restartedMain] INFO  : Initialized JPA EntityManagerFactory for persistence unit 'default'
2023-06-09 00:01:38 [restartedMain] WARN  : spring.jpa.open-in-view is enabled by default. Therefore, database queries may be performed during view rendering. Explicitly configure spring.jpa.open-in-view to disable this warning
2023-06-09 00:01:38 [restartedMain] INFO  : LiveReload server is running on port 35729
2023-06-09 00:01:38 [restartedMain] INFO  : Exposing 1 endpoint(s) beneath base path '/actuator'
2023-06-09 00:01:38 [restartedMain] INFO  : Initializing Spring DispatcherServlet 'dispatcherServlet'
2023-06-09 00:01:38 [restartedMain] INFO  : Initializing Servlet 'dispatcherServlet'
2023-06-09 00:01:38 [restartedMain] INFO  : Completed initialization in 5 ms
2023-06-09 00:01:38 [restartedMain] INFO  : Tomcat started on port(s): 1707 (http) with context path '/api'
2023-06-09 00:01:38 [restartedMain] INFO  : Started ServiceApplication in 1.946 seconds (process running for 410.269)
2023-06-09 00:01:38 [restartedMain] INFO  : Condition evaluation unchanged
